  main.cpp
C:\Users\90539\Desktop\hw1-visualstudio\main.cpp(79,5): error C4235: standart olmayan uzantı kullanıldı: '__asm' anahtar sözcüğü bu mimaride desteklenmiyor
C:\Users\90539\Desktop\hw1-visualstudio\main.cpp(80,13): error C2065: 'MOV': bildirimi yapılmamış tanımlayıcı
C:\Users\90539\Desktop\hw1-visualstudio\main.cpp(80,17): error C2146: sözdizimi hatası: ';' eksik ('EBX' tanımlayıcısından önce)
C:\Users\90539\Desktop\hw1-visualstudio\main.cpp(80,17): error C2065: 'EBX': bildirimi yapılmamış tanımlayıcı
C:\Users\90539\Desktop\hw1-visualstudio\main.cpp(81,13): error C2065: 'mov': bildirimi yapılmamış tanımlayıcı
C:\Users\90539\Desktop\hw1-visualstudio\main.cpp(81,17): error C2146: sözdizimi hatası: ';' eksik ('EDI' tanımlayıcısından önce)
C:\Users\90539\Desktop\hw1-visualstudio\main.cpp(81,17): error C2065: 'EDI': bildirimi yapılmamış tanımlayıcı
C:\Users\90539\Desktop\hw1-visualstudio\main.cpp(82,13): error C2146: sözdizimi hatası: ';' eksik ('MOV' tanımlayıcısından önce)
C:\Users\90539\Desktop\hw1-visualstudio\main.cpp(82,13): error C2065: 'MOV': bildirimi yapılmamış tanımlayıcı
C:\Users\90539\Desktop\hw1-visualstudio\main.cpp(82,17): error C2146: sözdizimi hatası: ';' eksik ('ECX' tanımlayıcısından önce)
C:\Users\90539\Desktop\hw1-visualstudio\main.cpp(82,17): error C2065: 'ECX': bildirimi yapılmamış tanımlayıcı
C:\Users\90539\Desktop\hw1-visualstudio\main.cpp(84,13): error C2065: 'mov': bildirimi yapılmamış tanımlayıcı
C:\Users\90539\Desktop\hw1-visualstudio\main.cpp(84,17): error C2146: sözdizimi hatası: ';' eksik ('eax' tanımlayıcısından önce)
C:\Users\90539\Desktop\hw1-visualstudio\main.cpp(84,17): error C2065: 'eax': bildirimi yapılmamış tanımlayıcı
C:\Users\90539\Desktop\hw1-visualstudio\main.cpp(85,13): error C2065: 'sub': bildirimi yapılmamış tanımlayıcı
C:\Users\90539\Desktop\hw1-visualstudio\main.cpp(85,17): error C2146: sözdizimi hatası: ';' eksik ('eax' tanımlayıcısından önce)
C:\Users\90539\Desktop\hw1-visualstudio\main.cpp(85,17): error C2065: 'eax': bildirimi yapılmamış tanımlayıcı
C:\Users\90539\Desktop\hw1-visualstudio\main.cpp(85,27): error C2760: söz dizimi hatası: burada ';' beklenmiyordu; '{' bekleniyordu
C:\Users\90539\Desktop\hw1-visualstudio\main.cpp(86,13): error C2065: 'mov': bildirimi yapılmamış tanımlayıcı
C:\Users\90539\Desktop\hw1-visualstudio\main.cpp(86,18): error C2065: 'edi': bildirimi yapılmamış tanımlayıcı
C:\Users\90539\Desktop\hw1-visualstudio\main.cpp(86,24): error C2065: 'eax': bildirimi yapılmamış tanımlayıcı
C:\Users\90539\Desktop\hw1-visualstudio\main.cpp(86,27): error C2059: sözdizimi hatası: ';'
C:\Users\90539\Desktop\hw1-visualstudio\main.cpp(87,13): error C2065: 'inc': bildirimi yapılmamış tanımlayıcı
C:\Users\90539\Desktop\hw1-visualstudio\main.cpp(87,17): error C2146: sözdizimi hatası: ';' eksik ('ebx' tanımlayıcısından önce)
C:\Users\90539\Desktop\hw1-visualstudio\main.cpp(87,17): error C2065: 'ebx': bildirimi yapılmamış tanımlayıcı
C:\Users\90539\Desktop\hw1-visualstudio\main.cpp(88,13): error C2065: 'ind': bildirimi yapılmamış tanımlayıcı
C:\Users\90539\Desktop\hw1-visualstudio\main.cpp(88,17): error C2146: sözdizimi hatası: ';' eksik ('edi' tanımlayıcısından önce)
C:\Users\90539\Desktop\hw1-visualstudio\main.cpp(88,17): error C2065: 'edi': bildirimi yapılmamış tanımlayıcı
C:\Users\90539\Desktop\hw1-visualstudio\main.cpp(89,13): error C2065: 'loop': bildirimi yapılmamış tanımlayıcı
C:\Users\90539\Desktop\hw1-visualstudio\main.cpp(89,18): error C2146: sözdizimi hatası: ';' eksik ('dongu' tanımlayıcısından önce)
C:\Users\90539\Desktop\hw1-visualstudio\main.cpp(89,18): error C2065: 'dongu': bildirimi yapılmamış tanımlayıcı
C:\Users\90539\Desktop\hw1-visualstudio\main.cpp(135,5): error C4235: standart olmayan uzantı kullanıldı: '__asm' anahtar sözcüğü bu mimaride desteklenmiyor
C:\Users\90539\Desktop\hw1-visualstudio\main.cpp(145,5): error C4235: standart olmayan uzantı kullanıldı: '__asm' anahtar sözcüğü bu mimaride desteklenmiyor
C:\Users\90539\Desktop\hw1-visualstudio\main.cpp(156,5): error C4235: standart olmayan uzantı kullanıldı: '__asm' anahtar sözcüğü bu mimaride desteklenmiyor
C:\Users\90539\Desktop\hw1-visualstudio\main.cpp(167,5): error C4235: standart olmayan uzantı kullanıldı: '__asm' anahtar sözcüğü bu mimaride desteklenmiyor
